<?xml version="1.0" encoding="UTF-8"?>
<!-- Generated by org.testng.reporters.JUnitXMLReporter -->
<testsuite ignored="0" hostname="ATMECSINDT-006" failures="0" tests="3" name="Default test" time="62.878" errors="0" timestamp="11 Sep 2019 15:06:21 GMT">
  <testcase classname="com.atmecs.travelphp.testscripts.HomePage" name="home" time="3.331"/>
  <testcase classname="com.atmecs.travelphp.testscripts.SelectPage" name="select" time="25.768"/>
  <testcase classname="com.atmecs.travelphp.testscripts.BookingPage" name="booking" time="27.865"/>
</testsuite> <!-- Default test -->
