<?xml version="1.0" encoding="UTF-8"?>
<testng-results ignored="0" total="3" passed="3" failed="0" skipped="0">
  <reporter-output>
  </reporter-output>
  <suite started-at="2019-09-11T15:05:18Z" name="Default suite" finished-at="2019-09-11T15:06:21Z" duration-ms="62878">
    <groups>
    </groups>
    <test started-at="2019-09-11T15:05:18Z" name="Default test" finished-at="2019-09-11T15:06:21Z" duration-ms="62878">
      <class name="com.atmecs.travelphp.testscripts.BookingPage">
        <test-method is-config="true" signature="setBrowser()[pri:0, instance:com.atmecs.travelphp.testscripts.BookingPage@5e4c8041]" started-at="2019-09-11T15:05:18Z" name="setBrowser" finished-at="2019-09-11T15:05:24Z" duration-ms="5886" status="PASS">
          <reporter-output>
          </reporter-output>
        </test-method> <!-- setBrowser -->
        <test-method signature="home()[pri:1, instance:com.atmecs.travelphp.testscripts.BookingPage@5e4c8041]" started-at="2019-09-11T15:05:24Z" name="home" finished-at="2019-09-11T15:05:28Z" duration-ms="3331" status="PASS">
          <reporter-output>
          </reporter-output>
        </test-method> <!-- home -->
        <test-method signature="select()[pri:2, instance:com.atmecs.travelphp.testscripts.BookingPage@5e4c8041]" started-at="2019-09-11T15:05:28Z" name="select" finished-at="2019-09-11T15:05:53Z" duration-ms="25768" status="PASS">
          <reporter-output>
          </reporter-output>
        </test-method> <!-- select -->
        <test-method signature="booking()[pri:3, instance:com.atmecs.travelphp.testscripts.BookingPage@5e4c8041]" started-at="2019-09-11T15:05:53Z" name="booking" finished-at="2019-09-11T15:06:21Z" duration-ms="27865" status="PASS">
          <reporter-output>
          </reporter-output>
        </test-method> <!-- booking -->
      </class> <!-- com.atmecs.travelphp.testscripts.BookingPage -->
    </test> <!-- Default test -->
  </suite> <!-- Default suite -->
</testng-results>
